<?xml version="1.0" encoding="UTF-8"?>
<!-- Generated by org.testng.reporters.JUnitReportReporter -->
<testsuite hostname="user-PC" failures="0" tests="1" name="com.inetBanking.testCases.TC_003_AddNewCustomerTest" time="15.370" errors="0" timestamp="2021-05-18T17:17:22 IST" skipped="0">
  <testcase classname="com.inetBanking.testCases.TC_003_AddNewCustomerTest" name="addNewCustomer" time="15.370"/>
  <system-out/>
</testsuite> <!-- com.inetBanking.testCases.TC_003_AddNewCustomerTest -->
