<?xml version="1.0" encoding="UTF-8"?>
<!-- Generated by org.testng.reporters.JUnitReportReporter -->
<testsuite hostname="user-PC" failures="0" tests="1" name="com.inetBanking.testCases.TC_010_Deposit" time="13.606" errors="0" timestamp="2021-05-19T21:06:21 IST" skipped="0">
  <testcase classname="com.inetBanking.testCases.TC_010_Deposit" name="deposit" time="13.606"/>
  <system-out/>
</testsuite> <!-- com.inetBanking.testCases.TC_010_Deposit -->
