<?xml version="1.0" encoding="UTF-8"?>
<!-- Generated by org.testng.reporters.JUnitReportReporter -->
<testsuite hostname="user-PC" failures="0" tests="1" name="com.inetBanking.testCases.TC_014_MiniStatment" time="13.094" errors="0" timestamp="2021-05-25T19:13:35 IST" skipped="0">
  <testcase classname="com.inetBanking.testCases.TC_014_MiniStatment" name="balenceEnquiry" time="13.094"/>
  <system-out/>
</testsuite> <!-- com.inetBanking.testCases.TC_014_MiniStatment -->
