<?xml version="1.0" encoding="UTF-8"?>
<!-- Generated by org.testng.reporters.JUnitReportReporter -->
<testsuite hostname="user-PC" failures="0" tests="1" name="com.inetBanking.testCases.TC_013_Balence" time="27.397" errors="0" timestamp="2021-05-25T19:13:34 IST" skipped="0">
  <testcase classname="com.inetBanking.testCases.TC_013_Balence" name="balenceEnquiry" time="27.397"/>
  <system-out/>
</testsuite> <!-- com.inetBanking.testCases.TC_013_Balence -->
