<?xml version="1.0" encoding="UTF-8"?>
<!-- Generated by org.testng.reporters.JUnitReportReporter -->
<testsuite hostname="user-PC" failures="0" tests="1" name="com.inetBanking.testCases.TC_009_DeleteAccount" time="11.657" errors="0" timestamp="2021-05-18T17:08:43 IST" skipped="0">
  <testcase classname="com.inetBanking.testCases.TC_009_DeleteAccount" name="deleteAccount" time="11.657"/>
  <system-out/>
</testsuite> <!-- com.inetBanking.testCases.TC_009_DeleteAccount -->
