<?xml version="1.0" encoding="UTF-8"?>
<!-- Generated by org.testng.reporters.JUnitReportReporter -->
<testsuite hostname="user-PC" failures="0" tests="1" name="com.inetBanking.testCases.TC_015_LogOut" time="10.168" errors="0" timestamp="2021-05-25T22:32:16 IST" skipped="0">
  <testcase classname="com.inetBanking.testCases.TC_015_LogOut" name="logOut" time="10.168"/>
  <system-out/>
</testsuite> <!-- com.inetBanking.testCases.TC_015_LogOut -->
