<?xml version="1.0" encoding="UTF-8"?>
<!-- Generated by org.testng.reporters.JUnitReportReporter -->
<testsuite hostname="user-PC" failures="0" tests="1" name="com.inetBanking.testCases.TC_011_Withdrawal" time="15.690" errors="0" timestamp="2021-05-20T18:34:54 IST" skipped="0">
  <testcase classname="com.inetBanking.testCases.TC_011_Withdrawal" name="deposit" time="15.690"/>
  <system-out/>
</testsuite> <!-- com.inetBanking.testCases.TC_011_Withdrawal -->
