<?xml version="1.0" encoding="UTF-8"?>
<!-- Generated by org.testng.reporters.JUnitReportReporter -->
<testsuite hostname="user-PC" failures="0" tests="1" name="com.inetBanking.testCases.TC_EditCustomerDDT_005" time="22.305" errors="0" timestamp="2021-05-04T22:10:00 IST" skipped="0">
  <testcase classname="com.inetBanking.testCases.TC_EditCustomerDDT_005" name="editCustomer" time="22.305"/>
  <system-out/>
</testsuite> <!-- com.inetBanking.testCases.TC_EditCustomerDDT_005 -->
