<?xml version="1.0" encoding="UTF-8"?>
<!-- Generated by org.testng.reporters.JUnitReportReporter -->
<testsuite hostname="user-PC" failures="0" tests="1" name="com.inetBanking.testCases.TC_AddNewCustomerTest_003" time="10.254" errors="0" timestamp="2021-05-11T18:56:06 IST" skipped="0">
  <testcase classname="com.inetBanking.testCases.TC_AddNewCustomerTest_003" name="addNewCustomer" time="10.254"/>
  <system-out/>
</testsuite> <!-- com.inetBanking.testCases.TC_AddNewCustomerTest_003 -->
