<?xml version="1.0" encoding="UTF-8"?>
<!-- Generated by org.testng.reporters.JUnitReportReporter -->
<testsuite hostname="user-PC" failures="0" tests="1" name="com.inetBanking.testCases.TC_003_AddNewCustomerTest" time="18.356" errors="0" timestamp="2021-05-19T17:35:17 IST" skipped="0">
  <testcase classname="com.inetBanking.testCases.TC_003_AddNewCustomerTest" name="addNewCustomer" time="18.356"/>
  <system-out/>
</testsuite> <!-- com.inetBanking.testCases.TC_003_AddNewCustomerTest -->
