<?xml version="1.0" encoding="UTF-8"?>
<!-- Generated by org.testng.reporters.JUnitReportReporter -->
<testsuite hostname="user-PC" failures="0" tests="1" name="com.inetBanking.testCases.TC_007_AddNewAccount" time="9.687" errors="0" timestamp="2021-05-12T17:16:37 IST" skipped="0">
  <testcase classname="com.inetBanking.testCases.TC_007_AddNewAccount" name="restAccount" time="9.687"/>
  <system-out/>
</testsuite> <!-- com.inetBanking.testCases.TC_007_AddNewAccount -->
