<?xml version="1.0" encoding="UTF-8"?>
<!-- Generated by org.testng.reporters.JUnitReportReporter -->
<testsuite hostname="user-PC" failures="0" tests="1" name="com.inetBanking.testCases.TC_012_Fundtransfer" time="14.426" errors="0" timestamp="2021-05-20T18:54:10 IST" skipped="0">
  <testcase classname="com.inetBanking.testCases.TC_012_Fundtransfer" name="fundTransfer" time="14.426"/>
  <system-out/>
</testsuite> <!-- com.inetBanking.testCases.TC_012_Fundtransfer -->
