<?xml version="1.0" encoding="UTF-8"?>
<!-- Generated by org.testng.reporters.JUnitReportReporter -->
<testsuite hostname="user-PC" failures="0" tests="1" name="com.inetBanking.testCases.TC_011_Withdrwal" time="13.184" errors="0" timestamp="2021-05-20T18:29:03 IST" skipped="0">
  <testcase classname="com.inetBanking.testCases.TC_011_Withdrwal" name="deposit" time="13.184"/>
  <system-out/>
</testsuite> <!-- com.inetBanking.testCases.TC_011_Withdrwal -->
