<?xml version="1.0" encoding="UTF-8"?>
<!-- Generated by org.testng.reporters.JUnitReportReporter -->
<testsuite hostname="user-PC" failures="0" tests="1" name="com.inetBanking.testCases.TC_008_EditAccount" time="14.482" errors="0" timestamp="2021-05-18T16:05:21 IST" skipped="0">
  <testcase classname="com.inetBanking.testCases.TC_008_EditAccount" name="editAccount" time="14.482"/>
  <system-out/>
</testsuite> <!-- com.inetBanking.testCases.TC_008_EditAccount -->
