<?xml version="1.0" encoding="UTF-8"?>
<!-- Generated by org.testng.reporters.JUnitReportReporter -->
<testsuite hostname="user-PC" failures="0" tests="1" name="com.inetBanking.testCases.Tc_EditCustomerTest_004" time="7.169" errors="0" timestamp="2021-04-23T17:30:55 IST" skipped="0">
  <testcase classname="com.inetBanking.testCases.Tc_EditCustomerTest_004" name="editCustomer" time="7.169"/>
  <system-out/>
</testsuite> <!-- com.inetBanking.testCases.Tc_EditCustomerTest_004 -->
