<?xml version="1.0" encoding="UTF-8"?>
<!-- Generated by org.testng.reporters.JUnitReportReporter -->
<testsuite hostname="user-PC" failures="0" tests="1" name="com.inetBanking.testCases.TC_003_AddNewCustomerTest" time="20.456" errors="0" timestamp="2021-05-17T20:52:50 IST" skipped="0">
  <testcase classname="com.inetBanking.testCases.TC_003_AddNewCustomerTest" name="addNewCustomer" time="20.456"/>
  <system-out/>
</testsuite> <!-- com.inetBanking.testCases.TC_003_AddNewCustomerTest -->
