<?xml version="1.0" encoding="UTF-8"?>
<!-- Generated by org.testng.reporters.JUnitReportReporter -->
<testsuite hostname="user-PC" failures="0" tests="1" name="com.inetBanking.testCases.TC_DeleteCustomer_006" time="17.149" errors="0" timestamp="2021-05-11T18:59:05 IST" skipped="0">
  <testcase classname="com.inetBanking.testCases.TC_DeleteCustomer_006" name="deleteCustomer" time="17.149"/>
  <system-out/>
</testsuite> <!-- com.inetBanking.testCases.TC_DeleteCustomer_006 -->
