<?xml version="1.0" encoding="UTF-8"?>
<!-- Generated by org.testng.reporters.JUnitReportReporter -->
<testsuite hostname="user-PC" failures="0" tests="1" name="com.inetBanking.testCases.TC_003_AddNewCustomerTest" time="12.674" errors="0" timestamp="2021-09-25T16:47:07 IST" skipped="0">
  <testcase classname="com.inetBanking.testCases.TC_003_AddNewCustomerTest" name="addNewCustomer" time="12.674"/>
  <system-out/>
</testsuite> <!-- com.inetBanking.testCases.TC_003_AddNewCustomerTest -->
